  aabb.c
  arena_allocator.c
  bitset.c
  body.c
  broad_phase.c
  constraint_graph.c
  contact.c
  contact_solver.c
  core.c
  distance.c
  distance_joint.c
  dynamic_tree.c
  geometry.c
  hull.c
  id_pool.c
  island.c
  joint.c
  manifold.c
  math_functions.c
  motor_joint.c
  Generating Code...
  Compiling...
  mover.c
  parallel_for.c
  physics_world.c
  prismatic_joint.c
  revolute_joint.c
  scheduler.c
  sensor.c
  shape.c
  solver.c
  solver_set.c
  table.c
  timer.c
  types.c
  weld_joint.c
  wheel_joint.c
  Generating Code...
  box2d.vcxproj -> C:\dev\Perplex\PerplexCore\vendor\box2d\bin\Dist-windows-x86_64\box2d\box2d.lib
